Using pre-set license
Built from '2020.3/staging' branch; Version is '2020.3.26f1 (7298b473bc1a) revision 7510196'; Using compiler version '192528614'; Build Type 'Release'
OS: 'Windows 10  (10.0.19044) 64bit Core' Language: 'en' Physical Memory: 16085 MB
BatchMode: 1, IsHumanControllingUs: 0, StartBugReporterOnCrash: 0, Is64bit: 1, IsPro: 0

COMMAND LINE ARGUMENTS:
C:\Program Files\Unity\Hub\Editor\2020.3.26f1\Editor\Unity.exe
-adb2
-batchMode
-noUpm
-name
AssetImportWorker0
-projectPath
C:/Users/C_MILK/Documents/GitHub/VideoGame/My project (3)
-logFile
Logs/AssetImportWorker0.log
-srvPort
52937
Successfully changed project path to: C:/Users/C_MILK/Documents/GitHub/VideoGame/My project (3)
C:/Users/C_MILK/Documents/GitHub/VideoGame/My project (3)
Using Asset Import Pipeline V2.
Refreshing native plugins compatible for Editor in 48.56 ms, found 3 plugins.
Preloading 0 native plugins for Editor in 0.00 ms.
Initialize engine version: 2020.3.26f1 (7298b473bc1a)
[Subsystems] Discovering subsystems at path C:/Program Files/Unity/Hub/Editor/2020.3.26f1/Editor/Data/Resources/UnitySubsystems
[Subsystems] Discovering subsystems at path C:/Users/C_MILK/Documents/GitHub/VideoGame/My project (3)/Assets
GfxDevice: creating device client; threaded=0
Direct3D:
    Version:  Direct3D 11.0 [level 11.1]
    Renderer: NVIDIA GeForce RTX 3060 Laptop GPU (ID=0x2520)
    Vendor:   
    VRAM:     6023 MB
    Driver:   30.0.14.7141
Initialize mono
Mono path[0] = 'C:/Program Files/Unity/Hub/Editor/2020.3.26f1/Editor/Data/Managed'
Mono path[1] = 'C:/Program Files/Unity/Hub/Editor/2020.3.26f1/Editor/Data/MonoBleedingEdge/lib/mono/unityjit'
Mono config path = 'C:/Program Files/Unity/Hub/Editor/2020.3.26f1/Editor/Data/MonoBleedingEdge/etc'
Using monoOptions --debugger-agent=transport=dt_socket,embedding=1,server=y,suspend=n,address=127.0.0.1:56636
Begin MonoManager ReloadAssembly
Registering precompiled unity dll's ...
Register platform support module: C:/Program Files/Unity/Hub/Editor/2020.3.26f1/Editor/Data/PlaybackEngines/WindowsStandaloneSupport/UnityEditor.WindowsStandalone.Extensions.dll
Registered in 0.001897 seconds.
Native extension for WindowsStandalone target not found
Refreshing native plugins compatible for Editor in 38.26 ms, found 3 plugins.
Preloading 0 native plugins for Editor in 0.00 ms.
Mono: successfully reloaded assembly
- Completed reload, in  0.519 seconds
Domain Reload Profiling:
	ReloadAssembly (519ms)
		BeginReloadAssembly (51ms)
			ExecutionOrderSort (0ms)
			DisableScriptedObjects (0ms)
			BackupInstance (0ms)
			ReleaseScriptingObjects (0ms)
			CreateAndSetChildDomain (1ms)
		EndReloadAssembly (399ms)
			LoadAssemblies (48ms)
			RebuildTransferFunctionScriptingTraits (0ms)
			SetupTypeCache (139ms)
			ReleaseScriptCaches (0ms)
			RebuildScriptCaches (26ms)
			SetupLoadedEditorAssemblies (142ms)
				LogAssemblyErrors (0ms)
				InitializePlatformSupportModulesInManaged (4ms)
				SetLoadedEditorAssemblies (0ms)
				RefreshPlugins (38ms)
				BeforeProcessingInitializeOnLoad (10ms)
				ProcessInitializeOnLoadAttributes (66ms)
				ProcessInitializeOnLoadMethodAttributes (23ms)
				AfterProcessingInitializeOnLoad (0ms)
				EditorAssembliesLoaded (0ms)
			ExecutionOrderSort2 (0ms)
			AwakeInstancesAfterBackupRestoration (0ms)
Platform modules already initialized, skipping
Registering precompiled user dll's ...
Registered in 0.004300 seconds.
Begin MonoManager ReloadAssembly
Native extension for WindowsStandalone target not found
Refreshing native plugins compatible for Editor in 38.41 ms, found 3 plugins.
Preloading 0 native plugins for Editor in 0.00 ms.
Mono: successfully reloaded assembly
- Completed reload, in  0.976 seconds
Domain Reload Profiling:
	ReloadAssembly (977ms)
		BeginReloadAssembly (114ms)
			ExecutionOrderSort (0ms)
			DisableScriptedObjects (4ms)
			BackupInstance (0ms)
			ReleaseScriptingObjects (0ms)
			CreateAndSetChildDomain (18ms)
		EndReloadAssembly (806ms)
			LoadAssemblies (81ms)
			RebuildTransferFunctionScriptingTraits (0ms)
			SetupTypeCache (275ms)
			ReleaseScriptCaches (0ms)
			RebuildScriptCaches (42ms)
			SetupLoadedEditorAssemblies (317ms)
				LogAssemblyErrors (0ms)
				InitializePlatformSupportModulesInManaged (3ms)
				SetLoadedEditorAssemblies (0ms)
				RefreshPlugins (38ms)
				BeforeProcessingInitializeOnLoad (68ms)
				ProcessInitializeOnLoadAttributes (190ms)
				ProcessInitializeOnLoadMethodAttributes (12ms)
				AfterProcessingInitializeOnLoad (5ms)
				EditorAssembliesLoaded (0ms)
			ExecutionOrderSort2 (0ms)
			AwakeInstancesAfterBackupRestoration (5ms)
Platform modules already initialized, skipping
========================================================================
Worker process is ready to serve import requests
Launched and connected shader compiler UnityShaderCompiler.exe after 0.04 seconds
Refreshing native plugins compatible for Editor in 0.55 ms, found 3 plugins.
Preloading 0 native plugins for Editor in 0.00 ms.
Unloading 2349 Unused Serialized files (Serialized files now loaded: 0)
System memory in use before: 101.9 MB.
System memory in use after: 102.1 MB.

Unloading 29 unused Assets to reduce memory usage. Loaded Objects now: 2782.
Total: 3.525300 ms (FindLiveObjects: 0.165600 ms CreateObjectMapping: 0.060700 ms MarkObjects: 3.227500 ms  DeleteObjects: 0.070500 ms)

AssetImportParameters requested are different than current active one (requested -> active):
  custom:framework-win-MediaFoundation: 216162199b28c13a410421893ffa2e32 -> 
  custom:video-decoder-ogg-theora: a1e56fd34408186e4bbccfd4996cb3dc -> 
  custom:container-muxer-webm: aa71ff27fc2769a1b78a27578f13a17b -> 
  custom:container-demuxer-webm: 4f35f7cbe854078d1ac9338744f61a02 -> 
  custom:container-demuxer-ogg: 62fdf1f143b41e24485cea50d1cbac27 -> 
  custom:video-encoder-webm-vp8: eb34c28f22e8b96e1ab97ce403110664 -> 
  custom:video-decoder-webm-vp8: 9c59270c3fd7afecdb556c50c9e8de78 -> 
  custom:audio-decoder-ogg-vorbis: bf7c407c2cedff20999df2af8eb42d56 -> 
  custom:audio-encoder-webm-vorbis: bf7c407c2cedff20999df2af8eb42d56 -> 
========================================================================
Received Import Request.
  path: Assets/Jump Slime 1.png
  artifactKey: Guid(2cde819fc851acc46abd0f51a3d5543d) Importer(815301076,1909f56bfc062723c751e8b465ee728b)
Start importing Assets/Jump Slime 1.png using Guid(2cde819fc851acc46abd0f51a3d5543d) Importer(815301076,1909f56bfc062723c751e8b465ee728b)  -> (artifact id: '163653dd290555adfc2b76aa995e771b') in 0.157319 seconds 
  Import took 0.161495 seconds .

========================================================================
Received Import Request.
  Time since last request: 0.000250 seconds.
  path: Assets/Gobbo Running.png
  artifactKey: Guid(6da4a572d974fab4d858552a35462461) Importer(815301076,1909f56bfc062723c751e8b465ee728b)
Start importing Assets/Gobbo Running.png using Guid(6da4a572d974fab4d858552a35462461) Importer(815301076,1909f56bfc062723c751e8b465ee728b)  -> (artifact id: 'dd776ca6f7466b4d80df6d8cfdd88133') in 0.025025 seconds 
  Import took 0.028118 seconds .

========================================================================
Received Import Request.
  Time since last request: 0.000253 seconds.
  path: Assets/Gobbo Attack.png
  artifactKey: Guid(f9ed7c15694838c4288f4cde9b5ae34f) Importer(815301076,1909f56bfc062723c751e8b465ee728b)
Start importing Assets/Gobbo Attack.png using Guid(f9ed7c15694838c4288f4cde9b5ae34f) Importer(815301076,1909f56bfc062723c751e8b465ee728b)  -> (artifact id: '79a191856dc3881c1f48d1607d0856a4') in 0.036027 seconds 
  Import took 0.039061 seconds .

========================================================================
Received Import Request.
  Time since last request: 0.000319 seconds.
  path: Assets/Slime ATK.png
  artifactKey: Guid(60fa4bfd1990ac3439d826d6cf4ceb95) Importer(815301076,1909f56bfc062723c751e8b465ee728b)
Start importing Assets/Slime ATK.png using Guid(60fa4bfd1990ac3439d826d6cf4ceb95) Importer(815301076,1909f56bfc062723c751e8b465ee728b)  -> (artifact id: 'afa38da56712263b6ccdaa9c382faced') in 0.030897 seconds 
  Import took 0.035047 seconds .

========================================================================
Received Import Request.
  Time since last request: 0.000307 seconds.
  path: Assets/Slime Idle.png
  artifactKey: Guid(a3ddaaf864db9e64b80f67631d490d60) Importer(815301076,1909f56bfc062723c751e8b465ee728b)
Start importing Assets/Slime Idle.png using Guid(a3ddaaf864db9e64b80f67631d490d60) Importer(815301076,1909f56bfc062723c751e8b465ee728b)  -> (artifact id: '36c5ca7597c623420a90e3c0934613e3') in 0.026330 seconds 
  Import took 0.029726 seconds .

========================================================================
Received Import Request.
  Time since last request: 0.000275 seconds.
  path: Assets/Goblin Idle.png
  artifactKey: Guid(ea5474362dfd472448faecda804c8747) Importer(815301076,1909f56bfc062723c751e8b465ee728b)
Start importing Assets/Goblin Idle.png using Guid(ea5474362dfd472448faecda804c8747) Importer(815301076,1909f56bfc062723c751e8b465ee728b)  -> (artifact id: '9722b0b924db89ec9ed326d3b96b71b7') in 0.026470 seconds 
  Import took 0.029614 seconds .

========================================================================
Received Import Request.
  Time since last request: 0.000239 seconds.
  path: Assets/Slime Move.png
  artifactKey: Guid(040c07dbaabe6e343afda506f4c98126) Importer(815301076,1909f56bfc062723c751e8b465ee728b)
Start importing Assets/Slime Move.png using Guid(040c07dbaabe6e343afda506f4c98126) Importer(815301076,1909f56bfc062723c751e8b465ee728b)  -> (artifact id: '09642d05351e91f1926f61bd34c3fa0e') in 0.022083 seconds 
  Import took 0.025020 seconds .

========================================================================
Received Prepare
Registering precompiled user dll's ...
Registered in 0.004989 seconds.
Begin MonoManager ReloadAssembly
Native extension for WindowsStandalone target not found
Refreshing native plugins compatible for Editor in 0.52 ms, found 3 plugins.
Preloading 0 native plugins for Editor in 0.00 ms.
Mono: successfully reloaded assembly
- Completed reload, in  0.913 seconds
Domain Reload Profiling:
	ReloadAssembly (914ms)
		BeginReloadAssembly (108ms)
			ExecutionOrderSort (0ms)
			DisableScriptedObjects (5ms)
			BackupInstance (0ms)
			ReleaseScriptingObjects (0ms)
			CreateAndSetChildDomain (34ms)
		EndReloadAssembly (750ms)
			LoadAssemblies (81ms)
			RebuildTransferFunctionScriptingTraits (0ms)
			SetupTypeCache (266ms)
			ReleaseScriptCaches (1ms)
			RebuildScriptCaches (38ms)
			SetupLoadedEditorAssemblies (278ms)
				LogAssemblyErrors (0ms)
				InitializePlatformSupportModulesInManaged (4ms)
				SetLoadedEditorAssemblies (1ms)
				RefreshPlugins (1ms)
				BeforeProcessingInitializeOnLoad (85ms)
				ProcessInitializeOnLoadAttributes (170ms)
				ProcessInitializeOnLoadMethodAttributes (11ms)
				AfterProcessingInitializeOnLoad (7ms)
				EditorAssembliesLoaded (0ms)
			ExecutionOrderSort2 (0ms)
			AwakeInstancesAfterBackupRestoration (8ms)
Platform modules already initialized, skipping
Refreshing native plugins compatible for Editor in 0.64 ms, found 3 plugins.
Preloading 0 native plugins for Editor in 0.00 ms.
Unloading 2334 Unused Serialized files (Serialized files now loaded: 0)
System memory in use before: 103.9 MB.
System memory in use after: 104.1 MB.

Unloading 18 unused Assets to reduce memory usage. Loaded Objects now: 2796.
Total: 2.811000 ms (FindLiveObjects: 0.169800 ms CreateObjectMapping: 0.057600 ms MarkObjects: 2.562100 ms  DeleteObjects: 0.020000 ms)

AssetImportParameters requested are different than current active one (requested -> active):
  custom:framework-win-MediaFoundation: 216162199b28c13a410421893ffa2e32 -> 
  custom:video-decoder-ogg-theora: a1e56fd34408186e4bbccfd4996cb3dc -> 
  custom:container-muxer-webm: aa71ff27fc2769a1b78a27578f13a17b -> 
  custom:container-demuxer-webm: 4f35f7cbe854078d1ac9338744f61a02 -> 
  custom:container-demuxer-ogg: 62fdf1f143b41e24485cea50d1cbac27 -> 
  custom:video-encoder-webm-vp8: eb34c28f22e8b96e1ab97ce403110664 -> 
  custom:video-decoder-webm-vp8: 9c59270c3fd7afecdb556c50c9e8de78 -> 
  custom:audio-decoder-ogg-vorbis: bf7c407c2cedff20999df2af8eb42d56 -> 
  custom:audio-encoder-webm-vorbis: bf7c407c2cedff20999df2af8eb42d56 -> 
========================================================================
Received Import Request.
  Time since last request: 687.744352 seconds.
  path: Assets/Slime Jump.anim
  artifactKey: Guid(d242e30180ecb864e87ae7999719a58b) Importer(815301076,1909f56bfc062723c751e8b465ee728b)
Start importing Assets/Slime Jump.anim using Guid(d242e30180ecb864e87ae7999719a58b) Importer(815301076,1909f56bfc062723c751e8b465ee728b)  -> (artifact id: '06d9e9b285fc8c5a09ac8050edb9b042') in 0.021470 seconds 
  Import took 0.025651 seconds .

========================================================================
Received Import Request.
  Time since last request: 1.251941 seconds.
  path: Assets/EnemyAI.cs
  artifactKey: Guid(c39318afb73b6e640b43c3d43dde0354) Importer(815301076,1909f56bfc062723c751e8b465ee728b)
Start importing Assets/EnemyAI.cs using Guid(c39318afb73b6e640b43c3d43dde0354) Importer(815301076,1909f56bfc062723c751e8b465ee728b)  -> (artifact id: 'cac4eb9f89f6a7f25fa2d973efb4c1b8') in 0.020123 seconds 
  Import took 0.023677 seconds .

========================================================================
Received Import Request.
  Time since last request: 1.879229 seconds.
  path: Assets/Scenes
  artifactKey: Guid(edd789760a2d4a341b82fda8b4b42ca9) Importer(815301076,1909f56bfc062723c751e8b465ee728b)
Start importing Assets/Scenes using Guid(edd789760a2d4a341b82fda8b4b42ca9) Importer(815301076,1909f56bfc062723c751e8b465ee728b)  -> (artifact id: '10e019aef12b51eb366b9cb52cf5a04f') in 0.007966 seconds 
  Import took 0.012441 seconds .

========================================================================
Received Import Request.
  Time since last request: 0.284666 seconds.
  path: Assets/Enemies
  artifactKey: Guid(b2cce52dfc8f521418a3ce219827488a) Importer(815301076,1909f56bfc062723c751e8b465ee728b)
Start importing Assets/Enemies using Guid(b2cce52dfc8f521418a3ce219827488a) Importer(815301076,1909f56bfc062723c751e8b465ee728b)  -> (artifact id: '08256e9ccaf14e2f5000eaffec46dc0c') in 0.007569 seconds 
  Import took 0.011486 seconds .

========================================================================
Received Import Request.
  Time since last request: 0.375655 seconds.
  path: Assets/AstarPathfindingProject
  artifactKey: Guid(6942e1e80e8b54fde9147e843f1bec4f) Importer(815301076,1909f56bfc062723c751e8b465ee728b)
Start importing Assets/AstarPathfindingProject using Guid(6942e1e80e8b54fde9147e843f1bec4f) Importer(815301076,1909f56bfc062723c751e8b465ee728b)  -> (artifact id: '8464741be959134d164acbdb46405065') in 0.007523 seconds 
  Import took 0.012114 seconds .

========================================================================
Received Import Request.
  Time since last request: 1.986337 seconds.
  path: Assets/Slime Idle.anim
  artifactKey: Guid(64dba2c55e0d71240bcbb0f182e99fb8) Importer(815301076,1909f56bfc062723c751e8b465ee728b)
Start importing Assets/Slime Idle.anim using Guid(64dba2c55e0d71240bcbb0f182e99fb8) Importer(815301076,1909f56bfc062723c751e8b465ee728b)  -> (artifact id: 'a51c605f270beca0b63170f6b2871ba7') in 0.003429 seconds 
  Import took 0.007997 seconds .

========================================================================
Received Import Request.
  Time since last request: 0.374487 seconds.
  path: Assets/Slime Idle_0.controller
  artifactKey: Guid(7b0d1b929f9cc9344aea0b83bec3e92e) Importer(815301076,1909f56bfc062723c751e8b465ee728b)
Start importing Assets/Slime Idle_0.controller using Guid(7b0d1b929f9cc9344aea0b83bec3e92e) Importer(815301076,1909f56bfc062723c751e8b465ee728b)  -> (artifact id: 'b33551d6e60127ee29cda40f5481909b') in 0.011540 seconds 
  Import took 0.015365 seconds .

========================================================================
Received Import Request.
  Time since last request: 0.407489 seconds.
  path: Assets/Slime Walk.anim
  artifactKey: Guid(519130327a9ca9a4db8902af0d8fc022) Importer(815301076,1909f56bfc062723c751e8b465ee728b)
Start importing Assets/Slime Walk.anim using Guid(519130327a9ca9a4db8902af0d8fc022) Importer(815301076,1909f56bfc062723c751e8b465ee728b)  -> (artifact id: 'f8a960f924ca3cc0ccb4dd73d9532f43') in 0.008573 seconds 
  Import took 0.012131 seconds .

========================================================================
Received Import Request.
  Time since last request: 9.513615 seconds.
  path: Assets/Enemies/Adventurer.asset
  artifactKey: Guid(72171e1fcde17b34c87f4042c8aaf9f6) Importer(815301076,1909f56bfc062723c751e8b465ee728b)
Start importing Assets/Enemies/Adventurer.asset using Guid(72171e1fcde17b34c87f4042c8aaf9f6) Importer(815301076,1909f56bfc062723c751e8b465ee728b)  -> (artifact id: '75a912c37edce33d5415f80578a9fc4e') in 0.010443 seconds 
  Import took 0.014054 seconds .

========================================================================
Received Import Request.
  Time since last request: 0.000231 seconds.
  path: Assets/Enemies/Goblin.asset
  artifactKey: Guid(fb85347341677db4eb56b23e00b5ab84) Importer(815301076,1909f56bfc062723c751e8b465ee728b)
Start importing Assets/Enemies/Goblin.asset using Guid(fb85347341677db4eb56b23e00b5ab84) Importer(815301076,1909f56bfc062723c751e8b465ee728b)  -> (artifact id: '54cfbcc6df1173deb8a968acd224f923') in 0.008467 seconds 
  Import took 0.012150 seconds .

========================================================================
Received Import Request.
  Time since last request: 4.233362 seconds.
  path: Assets/Enemies/Attacking.anim
  artifactKey: Guid(cb5955a4cac153d4f8d4d7e774be635b) Importer(815301076,1909f56bfc062723c751e8b465ee728b)
Start importing Assets/Enemies/Attacking.anim using Guid(cb5955a4cac153d4f8d4d7e774be635b) Importer(815301076,1909f56bfc062723c751e8b465ee728b)  -> (artifact id: '7fb5a31d2b27c32bd30641375d898f47') in 0.008595 seconds 
  Import took 0.012355 seconds .

========================================================================
Received Import Request.
  Time since last request: 0.855100 seconds.
  path: Assets/Enemies/Gobbo Idle.anim
  artifactKey: Guid(d5c504f0bbfa1f0429f68a3b9cd28185) Importer(815301076,1909f56bfc062723c751e8b465ee728b)
Start importing Assets/Enemies/Gobbo Idle.anim using Guid(d5c504f0bbfa1f0429f68a3b9cd28185) Importer(815301076,1909f56bfc062723c751e8b465ee728b)  -> (artifact id: '0863dc758916bc09909f470349e99070') in 0.009162 seconds 
  Import took 0.012826 seconds .

========================================================================
Received Import Request.
  Time since last request: 1.511631 seconds.
  path: Assets/Enemies/Running.anim
  artifactKey: Guid(5e71089f60a09bd43861e0cec9dd82d6) Importer(815301076,1909f56bfc062723c751e8b465ee728b)
Start importing Assets/Enemies/Running.anim using Guid(5e71089f60a09bd43861e0cec9dd82d6) Importer(815301076,1909f56bfc062723c751e8b465ee728b)  -> (artifact id: '9743a6c1e5e5ac628112659253f01d1a') in 0.008248 seconds 
  Import took 0.011855 seconds .

========================================================================
Received Prepare
Registering precompiled user dll's ...
Registered in 0.005312 seconds.
Begin MonoManager ReloadAssembly
Native extension for WindowsStandalone target not found
Refreshing native plugins compatible for Editor in 0.53 ms, found 3 plugins.
Preloading 0 native plugins for Editor in 0.00 ms.
Mono: successfully reloaded assembly
- Completed reload, in  0.879 seconds
Domain Reload Profiling:
	ReloadAssembly (880ms)
		BeginReloadAssembly (103ms)
			ExecutionOrderSort (0ms)
			DisableScriptedObjects (6ms)
			BackupInstance (0ms)
			ReleaseScriptingObjects (0ms)
			CreateAndSetChildDomain (35ms)
		EndReloadAssembly (719ms)
			LoadAssemblies (81ms)
			RebuildTransferFunctionScriptingTraits (0ms)
			SetupTypeCache (260ms)
			ReleaseScriptCaches (1ms)
			RebuildScriptCaches (34ms)
			SetupLoadedEditorAssemblies (259ms)
				LogAssemblyErrors (0ms)
				InitializePlatformSupportModulesInManaged (4ms)
				SetLoadedEditorAssemblies (0ms)
				RefreshPlugins (1ms)
				BeforeProcessingInitializeOnLoad (84ms)
				ProcessInitializeOnLoadAttributes (155ms)
				ProcessInitializeOnLoadMethodAttributes (9ms)
				AfterProcessingInitializeOnLoad (6ms)
				EditorAssembliesLoaded (0ms)
			ExecutionOrderSort2 (0ms)
			AwakeInstancesAfterBackupRestoration (7ms)
Platform modules already initialized, skipping
Refreshing native plugins compatible for Editor in 0.53 ms, found 3 plugins.
Preloading 0 native plugins for Editor in 0.00 ms.
Unloading 2334 Unused Serialized files (Serialized files now loaded: 0)
System memory in use before: 104.0 MB.
System memory in use after: 104.2 MB.

Unloading 18 unused Assets to reduce memory usage. Loaded Objects now: 2798.
Total: 2.757000 ms (FindLiveObjects: 0.170600 ms CreateObjectMapping: 0.060100 ms MarkObjects: 2.510000 ms  DeleteObjects: 0.015100 ms)

AssetImportParameters requested are different than current active one (requested -> active):
  custom:framework-win-MediaFoundation: 216162199b28c13a410421893ffa2e32 -> 
  custom:video-decoder-ogg-theora: a1e56fd34408186e4bbccfd4996cb3dc -> 
  custom:container-muxer-webm: aa71ff27fc2769a1b78a27578f13a17b -> 
  custom:container-demuxer-webm: 4f35f7cbe854078d1ac9338744f61a02 -> 
  custom:container-demuxer-ogg: 62fdf1f143b41e24485cea50d1cbac27 -> 
  custom:video-encoder-webm-vp8: eb34c28f22e8b96e1ab97ce403110664 -> 
  custom:video-decoder-webm-vp8: 9c59270c3fd7afecdb556c50c9e8de78 -> 
  custom:audio-decoder-ogg-vorbis: bf7c407c2cedff20999df2af8eb42d56 -> 
  custom:audio-encoder-webm-vorbis: bf7c407c2cedff20999df2af8eb42d56 -> 
========================================================================
Received Import Request.
  Time since last request: 32.894417 seconds.
  path: Assets/Player
  artifactKey: Guid(d681a1aa018588b40b3ab15bcfba3f63) Importer(815301076,1909f56bfc062723c751e8b465ee728b)
Start importing Assets/Player using Guid(d681a1aa018588b40b3ab15bcfba3f63) Importer(815301076,1909f56bfc062723c751e8b465ee728b)  -> (artifact id: 'd1cb3ebe5ac6d0f461e4831a54dc6821') in 0.010474 seconds 
  Import took 0.014024 seconds .

========================================================================
Received Import Request.
  Time since last request: 1.609169 seconds.
  path: Assets/Attack.cs
  artifactKey: Guid(b6b50b3231d414f4e9c585bb7970c162) Importer(815301076,1909f56bfc062723c751e8b465ee728b)
Start importing Assets/Attack.cs using Guid(b6b50b3231d414f4e9c585bb7970c162) Importer(815301076,1909f56bfc062723c751e8b465ee728b)  -> (artifact id: 'f4ad5b197f5660967f1b531f235bd673') in 0.006647 seconds 
  Import took 0.009871 seconds .

========================================================================
Received Import Request.
  Time since last request: 3.496879 seconds.
  path: Assets/Slime Attack.anim
  artifactKey: Guid(e395c633be1ee644e9232f80ab1e1b16) Importer(815301076,1909f56bfc062723c751e8b465ee728b)
Start importing Assets/Slime Attack.anim using Guid(e395c633be1ee644e9232f80ab1e1b16) Importer(815301076,1909f56bfc062723c751e8b465ee728b)  -> (artifact id: '120b5bdd378668acc7c5f9b08ca23751') in 0.013154 seconds 
  Import took 0.016617 seconds .

========================================================================
Received Import Request.
  Time since last request: 8.572086 seconds.
  path: Assets/Slime.controller
  artifactKey: Guid(83f9e8b989f96084ea018863b16d2985) Importer(815301076,1909f56bfc062723c751e8b465ee728b)
Start importing Assets/Slime.controller using Guid(83f9e8b989f96084ea018863b16d2985) Importer(815301076,1909f56bfc062723c751e8b465ee728b)  -> (artifact id: 'e9fd54187f63ef7166a60a901bab2ff8') in 0.007536 seconds 
  Import took 0.011857 seconds .

========================================================================
Received Prepare
Registering precompiled user dll's ...
Registered in 0.004654 seconds.
Begin MonoManager ReloadAssembly
Native extension for WindowsStandalone target not found
Refreshing native plugins compatible for Editor in 0.50 ms, found 3 plugins.
Preloading 0 native plugins for Editor in 0.00 ms.
Mono: successfully reloaded assembly
- Completed reload, in  0.931 seconds
Domain Reload Profiling:
	ReloadAssembly (931ms)
		BeginReloadAssembly (113ms)
			ExecutionOrderSort (0ms)
			DisableScriptedObjects (6ms)
			BackupInstance (0ms)
			ReleaseScriptingObjects (0ms)
			CreateAndSetChildDomain (34ms)
		EndReloadAssembly (757ms)
			LoadAssemblies (87ms)
			RebuildTransferFunctionScriptingTraits (0ms)
			SetupTypeCache (274ms)
			ReleaseScriptCaches (1ms)
			RebuildScriptCaches (36ms)
			SetupLoadedEditorAssemblies (276ms)
				LogAssemblyErrors (0ms)
				InitializePlatformSupportModulesInManaged (4ms)
				SetLoadedEditorAssemblies (1ms)
				RefreshPlugins (1ms)
				BeforeProcessingInitializeOnLoad (87ms)
				ProcessInitializeOnLoadAttributes (166ms)
				ProcessInitializeOnLoadMethodAttributes (10ms)
				AfterProcessingInitializeOnLoad (6ms)
				EditorAssembliesLoaded (0ms)
			ExecutionOrderSort2 (0ms)
			AwakeInstancesAfterBackupRestoration (8ms)
Platform modules already initialized, skipping
Refreshing native plugins compatible for Editor in 0.50 ms, found 3 plugins.
Preloading 0 native plugins for Editor in 0.00 ms.
Unloading 2334 Unused Serialized files (Serialized files now loaded: 0)
System memory in use before: 104.0 MB.
System memory in use after: 104.2 MB.

Unloading 18 unused Assets to reduce memory usage. Loaded Objects now: 2800.
Total: 2.750900 ms (FindLiveObjects: 0.164600 ms CreateObjectMapping: 0.051800 ms MarkObjects: 2.517200 ms  DeleteObjects: 0.016200 ms)

AssetImportParameters requested are different than current active one (requested -> active):
  custom:framework-win-MediaFoundation: 216162199b28c13a410421893ffa2e32 -> 
  custom:video-decoder-ogg-theora: a1e56fd34408186e4bbccfd4996cb3dc -> 
  custom:container-muxer-webm: aa71ff27fc2769a1b78a27578f13a17b -> 
  custom:container-demuxer-webm: 4f35f7cbe854078d1ac9338744f61a02 -> 
  custom:container-demuxer-ogg: 62fdf1f143b41e24485cea50d1cbac27 -> 
  custom:video-encoder-webm-vp8: eb34c28f22e8b96e1ab97ce403110664 -> 
  custom:video-decoder-webm-vp8: 9c59270c3fd7afecdb556c50c9e8de78 -> 
  custom:audio-decoder-ogg-vorbis: bf7c407c2cedff20999df2af8eb42d56 -> 
  custom:audio-encoder-webm-vorbis: bf7c407c2cedff20999df2af8eb42d56 -> 
========================================================================
Received Prepare
Registering precompiled user dll's ...
Registered in 0.004676 seconds.
Begin MonoManager ReloadAssembly
Native extension for WindowsStandalone target not found
Refreshing native plugins compatible for Editor in 0.63 ms, found 3 plugins.
Preloading 0 native plugins for Editor in 0.00 ms.
Mono: successfully reloaded assembly
- Completed reload, in  0.874 seconds
Domain Reload Profiling:
	ReloadAssembly (875ms)
		BeginReloadAssembly (101ms)
			ExecutionOrderSort (0ms)
			DisableScriptedObjects (5ms)
			BackupInstance (0ms)
			ReleaseScriptingObjects (0ms)
			CreateAndSetChildDomain (27ms)
		EndReloadAssembly (715ms)
			LoadAssemblies (78ms)
			RebuildTransferFunctionScriptingTraits (0ms)
			SetupTypeCache (258ms)
			ReleaseScriptCaches (2ms)
			RebuildScriptCaches (36ms)
			SetupLoadedEditorAssemblies (255ms)
				LogAssemblyErrors (0ms)
				InitializePlatformSupportModulesInManaged (4ms)
				SetLoadedEditorAssemblies (0ms)
				RefreshPlugins (1ms)
				BeforeProcessingInitializeOnLoad (83ms)
				ProcessInitializeOnLoadAttributes (150ms)
				ProcessInitializeOnLoadMethodAttributes (10ms)
				AfterProcessingInitializeOnLoad (6ms)
				EditorAssembliesLoaded (0ms)
			ExecutionOrderSort2 (0ms)
			AwakeInstancesAfterBackupRestoration (8ms)
Platform modules already initialized, skipping
Refreshing native plugins compatible for Editor in 0.55 ms, found 3 plugins.
Preloading 0 native plugins for Editor in 0.00 ms.
Unloading 2334 Unused Serialized files (Serialized files now loaded: 0)
System memory in use before: 104.0 MB.
System memory in use after: 104.2 MB.

Unloading 18 unused Assets to reduce memory usage. Loaded Objects now: 2802.
Total: 2.809100 ms (FindLiveObjects: 0.163400 ms CreateObjectMapping: 0.058800 ms MarkObjects: 2.567700 ms  DeleteObjects: 0.017800 ms)

AssetImportParameters requested are different than current active one (requested -> active):
  custom:framework-win-MediaFoundation: 216162199b28c13a410421893ffa2e32 -> 
  custom:video-decoder-ogg-theora: a1e56fd34408186e4bbccfd4996cb3dc -> 
  custom:container-muxer-webm: aa71ff27fc2769a1b78a27578f13a17b -> 
  custom:container-demuxer-webm: 4f35f7cbe854078d1ac9338744f61a02 -> 
  custom:container-demuxer-ogg: 62fdf1f143b41e24485cea50d1cbac27 -> 
  custom:video-encoder-webm-vp8: eb34c28f22e8b96e1ab97ce403110664 -> 
  custom:video-decoder-webm-vp8: 9c59270c3fd7afecdb556c50c9e8de78 -> 
  custom:audio-decoder-ogg-vorbis: bf7c407c2cedff20999df2af8eb42d56 -> 
  custom:audio-encoder-webm-vorbis: bf7c407c2cedff20999df2af8eb42d56 -> 
========================================================================
Received Import Request.
  Time since last request: 65.745523 seconds.
  path: Assets/Enemies/Goblin
  artifactKey: Guid(7cc2ba63ee6196e48aafd41d4e6162af) Importer(815301076,1909f56bfc062723c751e8b465ee728b)
Start importing Assets/Enemies/Goblin using Guid(7cc2ba63ee6196e48aafd41d4e6162af) Importer(815301076,1909f56bfc062723c751e8b465ee728b)  -> (artifact id: '2b4a7d3ede024a6bfe5f2fe436bedcd0') in 0.005816 seconds 
  Import took 0.009267 seconds .

========================================================================
Received Import Request.
  Time since last request: 135.414755 seconds.
  path: Assets/AstarPathfindingProject/AstarPathfindingProject.asmdef
  artifactKey: Guid(efa45043feb7e4147a305b73b5cea642) Importer(815301076,1909f56bfc062723c751e8b465ee728b)
Start importing Assets/AstarPathfindingProject/AstarPathfindingProject.asmdef using Guid(efa45043feb7e4147a305b73b5cea642) Importer(815301076,1909f56bfc062723c751e8b465ee728b)  -> (artifact id: 'fa628972aa73b82a158bf0d7f8452c82') in 0.007478 seconds 
  Import took 0.011456 seconds .

========================================================================
Received Import Request.
  Time since last request: 23.500318 seconds.
  path: Assets/Enemies/Adventurer
  artifactKey: Guid(a78c4769b77163b4a9a7b76305e36db0) Importer(815301076,1909f56bfc062723c751e8b465ee728b)
Start importing Assets/Enemies/Adventurer using Guid(a78c4769b77163b4a9a7b76305e36db0) Importer(815301076,1909f56bfc062723c751e8b465ee728b)  -> (artifact id: '44090b4b27d905ffd1184db1643f5189') in 0.002332 seconds 
  Import took 0.005518 seconds .

========================================================================
Received Import Request.
  Time since last request: 163.384495 seconds.
  path: Assets/Scenes/ANIMATIONS/Enemy.controller
  artifactKey: Guid(3722425a4a4737e41860f19e19eb9521) Importer(815301076,1909f56bfc062723c751e8b465ee728b)
Start importing Assets/Scenes/ANIMATIONS/Enemy.controller using Guid(3722425a4a4737e41860f19e19eb9521) Importer(815301076,1909f56bfc062723c751e8b465ee728b)  -> (artifact id: '80c694f9e664fe9a937a2fb7a480c180') in 0.016916 seconds 
  Import took 0.020006 seconds .

========================================================================
Received Import Request.
  Time since last request: 405.568157 seconds.
  path: Assets/Enemies/Adventurer/Adventurer idle.png
  artifactKey: Guid(5d99e5da2a1b2d246a14b0da4332c811) Importer(815301076,1909f56bfc062723c751e8b465ee728b)
Start importing Assets/Enemies/Adventurer/Adventurer idle.png using Guid(5d99e5da2a1b2d246a14b0da4332c811) Importer(815301076,1909f56bfc062723c751e8b465ee728b)  -> (artifact id: '3676b2e67231c642aa364f0eebb6164a') in 0.051411 seconds 
  Import took 0.055411 seconds .

========================================================================
Received Import Request.
  Time since last request: 6.955399 seconds.
  path: Assets/Enemies/Adventurer/Adventurer attack.png
  artifactKey: Guid(0d41fecec3ff8b244bf4f667459c1091) Importer(815301076,1909f56bfc062723c751e8b465ee728b)
Start importing Assets/Enemies/Adventurer/Adventurer attack.png using Guid(0d41fecec3ff8b244bf4f667459c1091) Importer(815301076,1909f56bfc062723c751e8b465ee728b)  -> (artifact id: '3ba3ee166605f97d825bd70d8691a3c8') in 0.015381 seconds 
  Import took 0.018760 seconds .

========================================================================
Received Import Request.
  Time since last request: 3.908321 seconds.
  path: Assets/Enemies/Adventurer/Adventurer Walking.png
  artifactKey: Guid(1b88f059f3d2b17499132700a69abb57) Importer(815301076,1909f56bfc062723c751e8b465ee728b)
Start importing Assets/Enemies/Adventurer/Adventurer Walking.png using Guid(1b88f059f3d2b17499132700a69abb57) Importer(815301076,1909f56bfc062723c751e8b465ee728b)  -> (artifact id: '457a2b90c38b4ce808f21c854ed87e23') in 0.033969 seconds 
  Import took 0.037476 seconds .

========================================================================
Received Import Request.
  Time since last request: 3331.833545 seconds.
  path: Packages/com.unity.2d.animation/Editor/Assets/SkinningModule/Icons/Light/Bone.png
  artifactKey: Guid(62ce01ddca719d34ea9648c586a7cc94) Importer(815301076,1909f56bfc062723c751e8b465ee728b)
Start importing Packages/com.unity.2d.animation/Editor/Assets/SkinningModule/Icons/Light/Bone.png using Guid(62ce01ddca719d34ea9648c586a7cc94) Importer(815301076,1909f56bfc062723c751e8b465ee728b)  -> (artifact id: 'fcb23684d1ec62a50c053c64e07b646f') in 0.054718 seconds 
  Import took 0.077802 seconds .

========================================================================
Received Import Request.
  Time since last request: 0.000223 seconds.
  path: Packages/com.unity.2d.animation/Editor/Assets/SkinningModule/Icons/Light/Bone@3x.png
  artifactKey: Guid(76beef9fdae7b48468ddf07d0400a374) Importer(815301076,1909f56bfc062723c751e8b465ee728b)
Start importing Packages/com.unity.2d.animation/Editor/Assets/SkinningModule/Icons/Light/Bone@3x.png using Guid(76beef9fdae7b48468ddf07d0400a374) Importer(815301076,1909f56bfc062723c751e8b465ee728b)  -> (artifact id: 'c07d68126c6e632f5a4acceb6b935c68') in 0.020463 seconds 
  Import took 0.023594 seconds .

========================================================================
Received Import Request.
  Time since last request: 0.000258 seconds.
  path: Packages/com.unity.2d.animation/Editor/Assets/SkinningModule/Icons/Light/Bone_Influence.png
  artifactKey: Guid(e92fc44f12c21dd44a49e390f39f7ffd) Importer(815301076,1909f56bfc062723c751e8b465ee728b)
Start importing Packages/com.unity.2d.animation/Editor/Assets/SkinningModule/Icons/Light/Bone_Influence.png using Guid(e92fc44f12c21dd44a49e390f39f7ffd) Importer(815301076,1909f56bfc062723c751e8b465ee728b)  -> (artifact id: '4c85fcd46f0d606ec51a00436b2008ee') in 0.018676 seconds 
  Import took 0.021828 seconds .

========================================================================
Received Import Request.
  Time since last request: 0.000224 seconds.
  path: Packages/com.unity.2d.animation/Editor/Assets/SkinningModule/Icons/Light/Bone@4x.png
  artifactKey: Guid(9125c204f566db048a92ebcb64d9d14a) Importer(815301076,1909f56bfc062723c751e8b465ee728b)
Start importing Packages/com.unity.2d.animation/Editor/Assets/SkinningModule/Icons/Light/Bone@4x.png using Guid(9125c204f566db048a92ebcb64d9d14a) Importer(815301076,1909f56bfc062723c751e8b465ee728b)  -> (artifact id: 'f66700707a135573cf92fb0fc97e57a1') in 0.018714 seconds 
  Import took 0.022331 seconds .

========================================================================
Received Import Request.
  Time since last request: 0.000274 seconds.
  path: Packages/com.unity.2d.animation/Editor/Assets/SkinningModule/Icons/Light/Bone@2x.png
  artifactKey: Guid(d6a44ab95b0def041a7929981a2c23a1) Importer(815301076,1909f56bfc062723c751e8b465ee728b)
Start importing Packages/com.unity.2d.animation/Editor/Assets/SkinningModule/Icons/Light/Bone@2x.png using Guid(d6a44ab95b0def041a7929981a2c23a1) Importer(815301076,1909f56bfc062723c751e8b465ee728b)  -> (artifact id: '7ba1d8daed21f5bf8cf2886461e33539') in 0.025695 seconds 
  Import took 0.029307 seconds .

========================================================================
Received Import Request.
  Time since last request: 942.946610 seconds.
  path: Assets/Enemies/Adventurer/Adventurer idle.png
  artifactKey: Guid(5d99e5da2a1b2d246a14b0da4332c811) Importer(815301076,1909f56bfc062723c751e8b465ee728b)
Start importing Assets/Enemies/Adventurer/Adventurer idle.png using Guid(5d99e5da2a1b2d246a14b0da4332c811) Importer(815301076,1909f56bfc062723c751e8b465ee728b)  -> (artifact id: '94bfef0f7febc5196bdd7c5e41443300') in 0.016691 seconds 
  Import took 0.020645 seconds .

========================================================================
Received Import Request.
  Time since last request: 20.693007 seconds.
  path: Assets/Enemies/Adventurer/Adventurer idle.png
  artifactKey: Guid(5d99e5da2a1b2d246a14b0da4332c811) Importer(815301076,1909f56bfc062723c751e8b465ee728b)
Start importing Assets/Enemies/Adventurer/Adventurer idle.png using Guid(5d99e5da2a1b2d246a14b0da4332c811) Importer(815301076,1909f56bfc062723c751e8b465ee728b)  -> (artifact id: '3f40ed0894edfe691cfeca66ba167cf5') in 0.023257 seconds 
  Import took 0.026280 seconds .

========================================================================
Received Import Request.
  Time since last request: 307.153913 seconds.
  path: Assets/Enemies/Adventurer/Adventurer Walking.png
  artifactKey: Guid(1b88f059f3d2b17499132700a69abb57) Importer(815301076,1909f56bfc062723c751e8b465ee728b)
Start importing Assets/Enemies/Adventurer/Adventurer Walking.png using Guid(1b88f059f3d2b17499132700a69abb57) Importer(815301076,1909f56bfc062723c751e8b465ee728b)  -> (artifact id: 'e16252b47cc3489a1b17f0508bf57794') in 0.017061 seconds 
  Import took 0.021085 seconds .

========================================================================
Received Import Request.
  Time since last request: 28.183880 seconds.
  path: Assets/Enemies/Adventurer/Adventurer Walking.png
  artifactKey: Guid(1b88f059f3d2b17499132700a69abb57) Importer(815301076,1909f56bfc062723c751e8b465ee728b)
Start importing Assets/Enemies/Adventurer/Adventurer Walking.png using Guid(1b88f059f3d2b17499132700a69abb57) Importer(815301076,1909f56bfc062723c751e8b465ee728b)  -> (artifact id: '1b014e1c07997dd6a7ac54f5bb3611c1') in 0.024919 seconds 
  Import took 0.027935 seconds .

========================================================================
Received Import Request.
  Time since last request: 259.751646 seconds.
  path: Assets/Enemies/Adventurer/Adventurer attack.png
  artifactKey: Guid(0d41fecec3ff8b244bf4f667459c1091) Importer(815301076,1909f56bfc062723c751e8b465ee728b)
Start importing Assets/Enemies/Adventurer/Adventurer attack.png using Guid(0d41fecec3ff8b244bf4f667459c1091) Importer(815301076,1909f56bfc062723c751e8b465ee728b)  -> (artifact id: '2ad2f2409764239f320b77899e160efe') in 0.016799 seconds 
  Import took 0.020856 seconds .

========================================================================
Received Import Request.
  Time since last request: 3.922572 seconds.
  path: Assets/Enemies/Adventurer/Adventurer attack.png
  artifactKey: Guid(0d41fecec3ff8b244bf4f667459c1091) Importer(815301076,1909f56bfc062723c751e8b465ee728b)
Start importing Assets/Enemies/Adventurer/Adventurer attack.png using Guid(0d41fecec3ff8b244bf4f667459c1091) Importer(815301076,1909f56bfc062723c751e8b465ee728b)  -> (artifact id: '4b5aaf344c682c9ecefb03466d665661') in 0.011623 seconds 
  Import took 0.015122 seconds .

========================================================================
Received Import Request.
  Time since last request: 11.115365 seconds.
  path: Assets/Enemies/Adventurer/Adventurer attack.png
  artifactKey: Guid(0d41fecec3ff8b244bf4f667459c1091) Importer(815301076,1909f56bfc062723c751e8b465ee728b)
Start importing Assets/Enemies/Adventurer/Adventurer attack.png using Guid(0d41fecec3ff8b244bf4f667459c1091) Importer(815301076,1909f56bfc062723c751e8b465ee728b)  -> (artifact id: 'ae58767fdc54230c96c5c3a0081db2b0') in 0.040673 seconds 
  Import took 0.043721 seconds .

========================================================================
Received Import Request.
  Time since last request: 362.822949 seconds.
  path: Assets/Enemies/Adventurer/Adventurer Walking.anim
  artifactKey: Guid(426fc0d7a632a18438b5903eef217fd1) Importer(815301076,1909f56bfc062723c751e8b465ee728b)
Start importing Assets/Enemies/Adventurer/Adventurer Walking.anim using Guid(426fc0d7a632a18438b5903eef217fd1) Importer(815301076,1909f56bfc062723c751e8b465ee728b)  -> (artifact id: 'b4f90c0065116e9e7bc8975621c6bb28') in 0.003647 seconds 
  Import took 0.007604 seconds .

========================================================================
Received Import Request.
  Time since last request: 0.393345 seconds.
  path: Assets/Enemies/Adventurer/Adventurer Idle.anim
  artifactKey: Guid(a5a90c074b4bb44439e3a6464c45a027) Importer(815301076,1909f56bfc062723c751e8b465ee728b)
Start importing Assets/Enemies/Adventurer/Adventurer Idle.anim using Guid(a5a90c074b4bb44439e3a6464c45a027) Importer(815301076,1909f56bfc062723c751e8b465ee728b)  -> (artifact id: 'af96df7c0c1137b7afd3d272aba6241d') in 0.007146 seconds 
  Import took 0.010322 seconds .

========================================================================
Received Import Request.
  Time since last request: 0.411232 seconds.
  path: Assets/Enemies/Adventurer/Adventurer Attack.anim
  artifactKey: Guid(2c6b7f327ddfe4443bae402e9c4a7333) Importer(815301076,1909f56bfc062723c751e8b465ee728b)
Start importing Assets/Enemies/Adventurer/Adventurer Attack.anim using Guid(2c6b7f327ddfe4443bae402e9c4a7333) Importer(815301076,1909f56bfc062723c751e8b465ee728b)  -> (artifact id: '620ef76d4b7760170e197176820ddc93') in 0.006729 seconds 
  Import took 0.009858 seconds .

========================================================================
Received Import Request.
  Time since last request: 7.677539 seconds.
  path: Assets/Enemies/Adventurer/Adventurer.controller
  artifactKey: Guid(0e4b6f8af68e4d14bbed7747d88d9628) Importer(815301076,1909f56bfc062723c751e8b465ee728b)
Start importing Assets/Enemies/Adventurer/Adventurer.controller using Guid(0e4b6f8af68e4d14bbed7747d88d9628) Importer(815301076,1909f56bfc062723c751e8b465ee728b)  -> (artifact id: '8ae6b7e358e32a0ea95bc64dd7527fe0') in 0.003142 seconds 
  Import took 0.006262 seconds .

========================================================================
Received Import Request.
  Time since last request: 52.812023 seconds.
  path: Assets/Enemies/Adventurer/Adventurer.prefab
  artifactKey: Guid(e512866068904cf44a51aa72eb124f7c) Importer(815301076,1909f56bfc062723c751e8b465ee728b)
Start importing Assets/Enemies/Adventurer/Adventurer.prefab using Guid(e512866068904cf44a51aa72eb124f7c) Importer(815301076,1909f56bfc062723c751e8b465ee728b) The Animator Controller (Adventurer) you have used is not valid. Animations will not play
UnityEngine.StackTraceUtility:ExtractStackTrace ()
UnityEditor.EditorUtility:Internal_InstantiateRemoveAllNonAnimationComponentsSingle (UnityEngine.Object,UnityEngine.Vector3,UnityEngine.Quaternion)
UnityEditor.EditorUtility:InstantiateRemoveAllNonAnimationComponents (UnityEngine.Object,UnityEngine.Vector3,UnityEngine.Quaternion)
UnityEditor.EditorUtility:InstantiateForAnimatorPreview (UnityEngine.Object)
UnityEditor.GameObjectInspector/PreviewData:UpdateGameObject (UnityEngine.Object)
UnityEditor.GameObjectInspector/PreviewData:.ctor (UnityEngine.Object)
UnityEditor.GameObjectInspector:GetPreviewData ()
UnityEditor.GameObjectInspector:RenderStaticPreview (string,UnityEngine.Object[],int,int)
UnityEditor.AssetPreviewUpdater:CreatePreviewForAsset (UnityEngine.Object,UnityEngine.Object[],string)

[C:\buildslave\unity\build\Modules/Animation/Director/AnimatorControllerPlayable.cpp line 333]

The Animator Controller (Adventurer) you have used is not valid. Animations will not play
UnityEngine.StackTraceUtility:ExtractStackTrace ()
UnityEditor.EditorUtility:InitInstantiatedPreviewRecursive (UnityEngine.GameObject)
UnityEditor.EditorUtility:InstantiateForAnimatorPreview (UnityEngine.Object)
UnityEditor.GameObjectInspector/PreviewData:UpdateGameObject (UnityEngine.Object)
UnityEditor.GameObjectInspector/PreviewData:.ctor (UnityEngine.Object)
UnityEditor.GameObjectInspector:GetPreviewData ()
UnityEditor.GameObjectInspector:RenderStaticPreview (string,UnityEngine.Object[],int,int)
UnityEditor.AssetPreviewUpdater:CreatePreviewForAsset (UnityEngine.Object,UnityEngine.Object[],string)

[C:\buildslave\unity\build\Modules/Animation/Director/AnimatorControllerPlayable.cpp line 333]

 -> (artifact id: '27d653eb55304f223bd65e08c4df4fb3') in 0.065716 seconds 
  Import took 0.068831 seconds .

========================================================================
Received Prepare
Registering precompiled user dll's ...
Registered in 0.004506 seconds.
Begin MonoManager ReloadAssembly
Native extension for WindowsStandalone target not found
Refreshing native plugins compatible for Editor in 0.52 ms, found 3 plugins.
Preloading 0 native plugins for Editor in 0.00 ms.
Mono: successfully reloaded assembly
- Completed reload, in  0.978 seconds
Domain Reload Profiling:
	ReloadAssembly (979ms)
		BeginReloadAssembly (167ms)
			ExecutionOrderSort (0ms)
			DisableScriptedObjects (13ms)
			BackupInstance (0ms)
			ReleaseScriptingObjects (0ms)
			CreateAndSetChildDomain (81ms)
		EndReloadAssembly (745ms)
			LoadAssemblies (86ms)
			RebuildTransferFunctionScriptingTraits (0ms)
			SetupTypeCache (269ms)
			ReleaseScriptCaches (1ms)
			RebuildScriptCaches (39ms)
			SetupLoadedEditorAssemblies (260ms)
				LogAssemblyErrors (0ms)
				InitializePlatformSupportModulesInManaged (4ms)
				SetLoadedEditorAssemblies (1ms)
				RefreshPlugins (1ms)
				BeforeProcessingInitializeOnLoad (81ms)
				ProcessInitializeOnLoadAttributes (157ms)
				ProcessInitializeOnLoadMethodAttributes (10ms)
				AfterProcessingInitializeOnLoad (6ms)
				EditorAssembliesLoaded (0ms)
			ExecutionOrderSort2 (0ms)
			AwakeInstancesAfterBackupRestoration (8ms)
Platform modules already initialized, skipping
Refreshing native plugins compatible for Editor in 0.57 ms, found 3 plugins.
Preloading 0 native plugins for Editor in 0.00 ms.
Unloading 2334 Unused Serialized files (Serialized files now loaded: 0)
System memory in use before: 104.1 MB.
System memory in use after: 104.4 MB.

Unloading 18 unused Assets to reduce memory usage. Loaded Objects now: 2821.
Total: 2.794900 ms (FindLiveObjects: 0.222100 ms CreateObjectMapping: 0.056200 ms MarkObjects: 2.450400 ms  DeleteObjects: 0.064500 ms)

AssetImportParameters requested are different than current active one (requested -> active):
  custom:framework-win-MediaFoundation: 216162199b28c13a410421893ffa2e32 -> 
  custom:video-decoder-ogg-theora: a1e56fd34408186e4bbccfd4996cb3dc -> 
  custom:container-muxer-webm: aa71ff27fc2769a1b78a27578f13a17b -> 
  custom:container-demuxer-webm: 4f35f7cbe854078d1ac9338744f61a02 -> 
  custom:container-demuxer-ogg: 62fdf1f143b41e24485cea50d1cbac27 -> 
  custom:video-encoder-webm-vp8: eb34c28f22e8b96e1ab97ce403110664 -> 
  custom:video-decoder-webm-vp8: 9c59270c3fd7afecdb556c50c9e8de78 -> 
  custom:audio-decoder-ogg-vorbis: bf7c407c2cedff20999df2af8eb42d56 -> 
  custom:audio-encoder-webm-vorbis: bf7c407c2cedff20999df2af8eb42d56 -> 
========================================================================
Received Prepare
Registering precompiled user dll's ...
Registered in 0.004026 seconds.
Begin MonoManager ReloadAssembly
Native extension for WindowsStandalone target not found
Refreshing native plugins compatible for Editor in 0.52 ms, found 3 plugins.
Preloading 0 native plugins for Editor in 0.00 ms.
Mono: successfully reloaded assembly
- Completed reload, in  0.832 seconds
Domain Reload Profiling:
	ReloadAssembly (832ms)
		BeginReloadAssembly (99ms)
			ExecutionOrderSort (0ms)
			DisableScriptedObjects (5ms)
			BackupInstance (0ms)
			ReleaseScriptingObjects (0ms)
			CreateAndSetChildDomain (27ms)
		EndReloadAssembly (678ms)
			LoadAssemblies (75ms)
			RebuildTransferFunctionScriptingTraits (0ms)
			SetupTypeCache (243ms)
			ReleaseScriptCaches (1ms)
			RebuildScriptCaches (35ms)
			SetupLoadedEditorAssemblies (241ms)
				LogAssemblyErrors (0ms)
				InitializePlatformSupportModulesInManaged (4ms)
				SetLoadedEditorAssemblies (0ms)
				RefreshPlugins (1ms)
				BeforeProcessingInitializeOnLoad (76ms)
				ProcessInitializeOnLoadAttributes (144ms)
				ProcessInitializeOnLoadMethodAttributes (9ms)
				AfterProcessingInitializeOnLoad (6ms)
				EditorAssembliesLoaded (0ms)
			ExecutionOrderSort2 (0ms)
			AwakeInstancesAfterBackupRestoration (7ms)
Platform modules already initialized, skipping
Refreshing native plugins compatible for Editor in 0.47 ms, found 3 plugins.
Preloading 0 native plugins for Editor in 0.00 ms.
Unloading 2334 Unused Serialized files (Serialized files now loaded: 0)
System memory in use before: 104.2 MB.
System memory in use after: 104.5 MB.

Unloading 18 unused Assets to reduce memory usage. Loaded Objects now: 2823.
Total: 2.303900 ms (FindLiveObjects: 0.130000 ms CreateObjectMapping: 0.044400 ms MarkObjects: 2.112500 ms  DeleteObjects: 0.016300 ms)

AssetImportParameters requested are different than current active one (requested -> active):
  custom:framework-win-MediaFoundation: 216162199b28c13a410421893ffa2e32 -> 
  custom:video-decoder-ogg-theora: a1e56fd34408186e4bbccfd4996cb3dc -> 
  custom:container-muxer-webm: aa71ff27fc2769a1b78a27578f13a17b -> 
  custom:container-demuxer-webm: 4f35f7cbe854078d1ac9338744f61a02 -> 
  custom:container-demuxer-ogg: 62fdf1f143b41e24485cea50d1cbac27 -> 
  custom:video-encoder-webm-vp8: eb34c28f22e8b96e1ab97ce403110664 -> 
  custom:video-decoder-webm-vp8: 9c59270c3fd7afecdb556c50c9e8de78 -> 
  custom:audio-decoder-ogg-vorbis: bf7c407c2cedff20999df2af8eb42d56 -> 
  custom:audio-encoder-webm-vorbis: bf7c407c2cedff20999df2af8eb42d56 -> 
AssetImportWorkerClient::OnTransportError - code=2 error=End of file
